{"/Users/10001oleg/backend-todo/source/server.js": {"path":"/Users/10001oleg/backend-todo/source/server.js","statementMap":{"0":{"start":{"line":16,"column":12},"end":{"line":16,"column":21}},"1":{"start":{"line":17,"column":14},"end":{"line":17,"column":31}},"2":{"start":{"line":19,"column":0},"end":{"line":19,"column":18}},"3":{"start":{"line":20,"column":0},"end":{"line":39,"column":3}},"4":{"start":{"line":21,"column":19},"end":{"line":21,"column":64}},"5":{"start":{"line":23,"column":4},"end":{"line":23,"column":54}},"6":{"start":{"line":24,"column":4},"end":{"line":24,"column":59}},"7":{"start":{"line":25,"column":4},"end":{"line":28,"column":6}},"8":{"start":{"line":29,"column":4},"end":{"line":32,"column":6}},"9":{"start":{"line":34,"column":4},"end":{"line":38,"column":5}},"10":{"start":{"line":35,"column":8},"end":{"line":35,"column":28}},"11":{"start":{"line":37,"column":8},"end":{"line":37,"column":15}},"12":{"start":{"line":41,"column":0},"end":{"line":45,"column":2}},"13":{"start":{"line":47,"column":0},"end":{"line":47,"column":38}},"14":{"start":{"line":49,"column":0},"end":{"line":55,"column":3}},"15":{"start":{"line":50,"column":18},"end":{"line":53,"column":5}},"16":{"start":{"line":54,"column":4},"end":{"line":54,"column":16}},"17":{"start":{"line":57,"column":0},"end":{"line":68,"column":1}},"18":{"start":{"line":59,"column":4},"end":{"line":67,"column":7}},"19":{"start":{"line":60,"column":46},"end":{"line":60,"column":51}},"20":{"start":{"line":61,"column":29},"end":{"line":61,"column":50}},"21":{"start":{"line":63,"column":8},"end":{"line":63,"column":40}},"22":{"start":{"line":65,"column":23},"end":{"line":65,"column":40}},"23":{"start":{"line":66,"column":8},"end":{"line":66,"column":45}}},"fnMap":{"0":{"name":"(anonymous_0)","decl":{"start":{"line":20,"column":8},"end":{"line":20,"column":9}},"loc":{"start":{"line":20,"column":28},"end":{"line":39,"column":1}},"line":20},"1":{"name":"(anonymous_1)","decl":{"start":{"line":49,"column":13},"end":{"line":49,"column":14}},"loc":{"start":{"line":49,"column":33},"end":{"line":55,"column":1}},"line":49},"2":{"name":"(anonymous_2)","decl":{"start":{"line":59,"column":12},"end":{"line":59,"column":13}},"loc":{"start":{"line":59,"column":39},"end":{"line":67,"column":5}},"line":59}},"branchMap":{"0":{"loc":{"start":{"line":21,"column":19},"end":{"line":21,"column":64}},"type":"binary-expr","locations":[{"start":{"line":21,"column":19},"end":{"line":21,"column":37}},{"start":{"line":21,"column":41},"end":{"line":21,"column":64}}],"line":21},"1":{"loc":{"start":{"line":34,"column":4},"end":{"line":38,"column":5}},"type":"if","locations":[{"start":{"line":34,"column":4},"end":{"line":38,"column":5}},{"start":{"line":34,"column":4},"end":{"line":38,"column":5}}],"line":34},"2":{"loc":{"start":{"line":57,"column":0},"end":{"line":68,"column":1}},"type":"if","locations":[{"start":{"line":57,"column":0},"end":{"line":68,"column":1}},{"start":{"line":57,"column":0},"end":{"line":68,"column":1}}],"line":57},"3":{"loc":{"start":{"line":65,"column":23},"end":{"line":65,"column":40}},"type":"binary-expr","locations":[{"start":{"line":65,"column":23},"end":{"line":65,"column":33}},{"start":{"line":65,"column":37},"end":{"line":65,"column":40}}],"line":65}},"s":{"0":8,"1":8,"2":8,"3":8,"4":16,"5":16,"6":16,"7":16,"8":16,"9":16,"10":0,"11":16,"12":8,"13":8,"14":8,"15":1,"16":1,"17":8,"18":0,"19":0,"20":0,"21":0,"22":0,"23":0},"f":{"0":16,"1":1,"2":0},"b":{"0":[16,16],"1":[0,16],"2":[0,8],"3":[0,0]},"_coverageSchema":"1a1c01bbd47fc00a2c39e90264f33305004495a9","hash":"461a27b05496b748e1e875389b8164bc2780b9f7"}
,"/Users/10001oleg/backend-todo/source/controllers/auth.js": {"path":"/Users/10001oleg/backend-todo/source/controllers/auth.js","statementMap":{"0":{"start":{"line":5,"column":8},"end":{"line":7,"column":10}},"1":{"start":{"line":11,"column":25},"end":{"line":11,"column":36}},"2":{"start":{"line":12,"column":21},"end":{"line":12,"column":39}},"3":{"start":{"line":14,"column":8},"end":{"line":14,"column":20}}},"fnMap":{"0":{"name":"(anonymous_0)","decl":{"start":{"line":4,"column":4},"end":{"line":4,"column":5}},"loc":{"start":{"line":4,"column":22},"end":{"line":8,"column":5}},"line":4},"1":{"name":"(anonymous_1)","decl":{"start":{"line":10,"column":4},"end":{"line":10,"column":5}},"loc":{"start":{"line":10,"column":18},"end":{"line":15,"column":5}},"line":10}},"branchMap":{},"s":{"0":10,"1":10,"2":10,"3":9},"f":{"0":10,"1":10},"b":{},"_coverageSchema":"1a1c01bbd47fc00a2c39e90264f33305004495a9","hash":"68662ec1f9d3a02773a008a5a6502ce3e3ed8f17"}
,"/Users/10001oleg/backend-todo/source/controllers/todos.js": {"path":"/Users/10001oleg/backend-todo/source/controllers/todos.js","statementMap":{"0":{"start":{"line":5,"column":8},"end":{"line":7,"column":10}},"1":{"start":{"line":11,"column":26},"end":{"line":11,"column":37}},"2":{"start":{"line":12,"column":21},"end":{"line":12,"column":39}},"3":{"start":{"line":14,"column":8},"end":{"line":14,"column":20}},"4":{"start":{"line":18,"column":26},"end":{"line":18,"column":37}},"5":{"start":{"line":19,"column":21},"end":{"line":19,"column":43}},"6":{"start":{"line":21,"column":8},"end":{"line":21,"column":20}},"7":{"start":{"line":25,"column":26},"end":{"line":25,"column":37}},"8":{"start":{"line":26,"column":21},"end":{"line":26,"column":41}},"9":{"start":{"line":28,"column":8},"end":{"line":28,"column":20}},"10":{"start":{"line":32,"column":26},"end":{"line":32,"column":37}},"11":{"start":{"line":33,"column":21},"end":{"line":33,"column":41}},"12":{"start":{"line":35,"column":8},"end":{"line":35,"column":20}},"13":{"start":{"line":39,"column":26},"end":{"line":39,"column":37}},"14":{"start":{"line":40,"column":21},"end":{"line":40,"column":41}},"15":{"start":{"line":42,"column":8},"end":{"line":42,"column":20}}},"fnMap":{"0":{"name":"(anonymous_0)","decl":{"start":{"line":4,"column":4},"end":{"line":4,"column":5}},"loc":{"start":{"line":4,"column":22},"end":{"line":8,"column":5}},"line":4},"1":{"name":"(anonymous_1)","decl":{"start":{"line":10,"column":4},"end":{"line":10,"column":5}},"loc":{"start":{"line":10,"column":17},"end":{"line":15,"column":5}},"line":10},"2":{"name":"(anonymous_2)","decl":{"start":{"line":17,"column":4},"end":{"line":17,"column":5}},"loc":{"start":{"line":17,"column":21},"end":{"line":22,"column":5}},"line":17},"3":{"name":"(anonymous_3)","decl":{"start":{"line":24,"column":4},"end":{"line":24,"column":5}},"loc":{"start":{"line":24,"column":19},"end":{"line":29,"column":5}},"line":24},"4":{"name":"(anonymous_4)","decl":{"start":{"line":31,"column":4},"end":{"line":31,"column":5}},"loc":{"start":{"line":31,"column":19},"end":{"line":36,"column":5}},"line":31},"5":{"name":"(anonymous_5)","decl":{"start":{"line":38,"column":4},"end":{"line":38,"column":5}},"loc":{"start":{"line":38,"column":19},"end":{"line":43,"column":5}},"line":38}},"branchMap":{},"s":{"0":10,"1":2,"2":2,"3":2,"4":1,"5":1,"6":1,"7":5,"8":5,"9":5,"10":1,"11":1,"12":1,"13":1,"14":1,"15":1},"f":{"0":10,"1":2,"2":1,"3":5,"4":1,"5":1},"b":{},"_coverageSchema":"1a1c01bbd47fc00a2c39e90264f33305004495a9","hash":"06731ba849ecd11484022fa0ccee163d37ddc1dc"}
,"/Users/10001oleg/backend-todo/source/controllers/users.js": {"path":"/Users/10001oleg/backend-todo/source/controllers/users.js","statementMap":{"0":{"start":{"line":5,"column":8},"end":{"line":7,"column":10}},"1":{"start":{"line":11,"column":26},"end":{"line":11,"column":37}},"2":{"start":{"line":12,"column":21},"end":{"line":12,"column":39}},"3":{"start":{"line":14,"column":8},"end":{"line":14,"column":20}},"4":{"start":{"line":18,"column":26},"end":{"line":18,"column":37}},"5":{"start":{"line":19,"column":21},"end":{"line":19,"column":41}},"6":{"start":{"line":21,"column":8},"end":{"line":21,"column":20}}},"fnMap":{"0":{"name":"(anonymous_0)","decl":{"start":{"line":4,"column":4},"end":{"line":4,"column":5}},"loc":{"start":{"line":4,"column":22},"end":{"line":8,"column":5}},"line":4},"1":{"name":"(anonymous_1)","decl":{"start":{"line":10,"column":4},"end":{"line":10,"column":5}},"loc":{"start":{"line":10,"column":17},"end":{"line":15,"column":5}},"line":10},"2":{"name":"(anonymous_2)","decl":{"start":{"line":17,"column":4},"end":{"line":17,"column":5}},"loc":{"start":{"line":17,"column":19},"end":{"line":22,"column":5}},"line":17}},"branchMap":{},"s":{"0":17,"1":1,"2":1,"3":1,"4":16,"5":16,"6":14},"f":{"0":17,"1":1,"2":16},"b":{},"_coverageSchema":"1a1c01bbd47fc00a2c39e90264f33305004495a9","hash":"362c737ec969537a80873f873fe9cf0cf04bd9d8"}
,"/Users/10001oleg/backend-todo/source/db/index.js": {"path":"/Users/10001oleg/backend-todo/source/db/index.js","statementMap":{"0":{"start":{"line":8,"column":14},"end":{"line":8,"column":22}},"1":{"start":{"line":9,"column":16},"end":{"line":9,"column":27}},"2":{"start":{"line":10,"column":15},"end":{"line":10,"column":25}},"3":{"start":{"line":11,"column":16},"end":{"line":11,"column":27}},"4":{"start":{"line":13,"column":24},"end":{"line":22,"column":1}},"5":{"start":{"line":25,"column":19},"end":{"line":28,"column":1}},"6":{"start":{"line":30,"column":0},"end":{"line":36,"column":7}},"7":{"start":{"line":32,"column":8},"end":{"line":32,"column":43}},"8":{"start":{"line":35,"column":8},"end":{"line":35,"column":59}}},"fnMap":{"0":{"name":"(anonymous_0)","decl":{"start":{"line":31,"column":10},"end":{"line":31,"column":11}},"loc":{"start":{"line":31,"column":16},"end":{"line":33,"column":5}},"line":31},"1":{"name":"(anonymous_1)","decl":{"start":{"line":34,"column":11},"end":{"line":34,"column":12}},"loc":{"start":{"line":34,"column":28},"end":{"line":36,"column":5}},"line":34}},"branchMap":{},"s":{"0":8,"1":8,"2":8,"3":8,"4":8,"5":8,"6":8,"7":8,"8":0},"f":{"0":8,"1":0},"b":{},"_coverageSchema":"1a1c01bbd47fc00a2c39e90264f33305004495a9","hash":"60eaab3d33643679736c713d29209eb55583d8db"}
,"/Users/10001oleg/backend-todo/source/helpers/authenticate.js": {"path":"/Users/10001oleg/backend-todo/source/helpers/authenticate.js","statementMap":{"0":{"start":{"line":7,"column":28},"end":{"line":29,"column":1}},"1":{"start":{"line":8,"column":18},"end":{"line":8,"column":36}},"2":{"start":{"line":9,"column":19},"end":{"line":9,"column":54}},"3":{"start":{"line":11,"column":4},"end":{"line":28,"column":5}},"4":{"start":{"line":12,"column":8},"end":{"line":12,"column":71}},"5":{"start":{"line":14,"column":8},"end":{"line":27,"column":9}},"6":{"start":{"line":15,"column":25},"end":{"line":15,"column":50}},"7":{"start":{"line":18,"column":16},"end":{"line":18,"column":20}},"8":{"start":{"line":20,"column":12},"end":{"line":22,"column":14}},"9":{"start":{"line":24,"column":12},"end":{"line":24,"column":19}},"10":{"start":{"line":26,"column":12},"end":{"line":26,"column":75}}},"fnMap":{"0":{"name":"(anonymous_0)","decl":{"start":{"line":7,"column":28},"end":{"line":7,"column":29}},"loc":{"start":{"line":7,"column":54},"end":{"line":29,"column":1}},"line":7}},"branchMap":{"0":{"loc":{"start":{"line":11,"column":4},"end":{"line":28,"column":5}},"type":"if","locations":[{"start":{"line":11,"column":4},"end":{"line":28,"column":5}},{"start":{"line":11,"column":4},"end":{"line":28,"column":5}}],"line":11}},"s":{"0":8,"1":8,"2":8,"3":8,"4":1,"5":7,"6":7,"7":7,"8":7,"9":7,"10":0},"f":{"0":8},"b":{"0":[1,7]},"_coverageSchema":"1a1c01bbd47fc00a2c39e90264f33305004495a9","hash":"100708d18a68d8f44710075052fb60b3b6401897"}
,"/Users/10001oleg/backend-todo/source/helpers/fakeData.js": {"path":"/Users/10001oleg/backend-todo/source/helpers/fakeData.js","statementMap":{"0":{"start":{"line":4,"column":23},"end":{"line":9,"column":2}},"1":{"start":{"line":4,"column":30},"end":{"line":9,"column":1}},"2":{"start":{"line":11,"column":23},"end":{"line":15,"column":2}},"3":{"start":{"line":11,"column":30},"end":{"line":15,"column":1}}},"fnMap":{"0":{"name":"(anonymous_0)","decl":{"start":{"line":4,"column":23},"end":{"line":4,"column":24}},"loc":{"start":{"line":4,"column":30},"end":{"line":9,"column":1}},"line":4},"1":{"name":"(anonymous_1)","decl":{"start":{"line":11,"column":23},"end":{"line":11,"column":24}},"loc":{"start":{"line":11,"column":30},"end":{"line":15,"column":1}},"line":11}},"branchMap":{},"s":{"0":8,"1":14,"2":8,"3":7},"f":{"0":14,"1":7},"b":{},"_coverageSchema":"1a1c01bbd47fc00a2c39e90264f33305004495a9","hash":"c73cd8043adf47e731c53044d57358db93fa1039"}
,"/Users/10001oleg/backend-todo/source/helpers/limiter.js": {"path":"/Users/10001oleg/backend-todo/source/helpers/limiter.js","statementMap":{"0":{"start":{"line":3,"column":23},"end":{"line":7,"column":2}},"1":{"start":{"line":3,"column":48},"end":{"line":7,"column":2}}},"fnMap":{"0":{"name":"(anonymous_0)","decl":{"start":{"line":3,"column":23},"end":{"line":3,"column":24}},"loc":{"start":{"line":3,"column":48},"end":{"line":7,"column":2}},"line":3}},"branchMap":{},"s":{"0":8,"1":64},"f":{"0":64},"b":{},"_coverageSchema":"1a1c01bbd47fc00a2c39e90264f33305004495a9","hash":"277157cd714da4f3c064cf29ce79f09cf313bdd6"}
,"/Users/10001oleg/backend-todo/source/helpers/env/getDbName.js": {"path":"/Users/10001oleg/backend-todo/source/helpers/env/getDbName.js","statementMap":{"0":{"start":{"line":3,"column":25},"end":{"line":19,"column":1}},"1":{"start":{"line":4,"column":24},"end":{"line":4,"column":35}},"2":{"start":{"line":6,"column":4},"end":{"line":10,"column":5}},"3":{"start":{"line":7,"column":8},"end":{"line":9,"column":10}},"4":{"start":{"line":12,"column":4},"end":{"line":16,"column":5}},"5":{"start":{"line":13,"column":8},"end":{"line":15,"column":10}},"6":{"start":{"line":18,"column":4},"end":{"line":18,"column":19}}},"fnMap":{"0":{"name":"(anonymous_0)","decl":{"start":{"line":3,"column":25},"end":{"line":3,"column":26}},"loc":{"start":{"line":3,"column":31},"end":{"line":19,"column":1}},"line":3}},"branchMap":{"0":{"loc":{"start":{"line":6,"column":4},"end":{"line":10,"column":5}},"type":"if","locations":[{"start":{"line":6,"column":4},"end":{"line":10,"column":5}},{"start":{"line":6,"column":4},"end":{"line":10,"column":5}}],"line":6},"1":{"loc":{"start":{"line":12,"column":4},"end":{"line":16,"column":5}},"type":"if","locations":[{"start":{"line":12,"column":4},"end":{"line":16,"column":5}},{"start":{"line":12,"column":4},"end":{"line":16,"column":5}}],"line":12}},"s":{"0":8,"1":8,"2":8,"3":0,"4":8,"5":0,"6":8},"f":{"0":8},"b":{"0":[0,8],"1":[0,8]},"_coverageSchema":"1a1c01bbd47fc00a2c39e90264f33305004495a9","hash":"2aca2ae349cb8f0c4db4f334c306f160f4729ac1"}
,"/Users/10001oleg/backend-todo/source/helpers/env/getDbPort.js": {"path":"/Users/10001oleg/backend-todo/source/helpers/env/getDbPort.js","statementMap":{"0":{"start":{"line":3,"column":25},"end":{"line":19,"column":1}},"1":{"start":{"line":4,"column":24},"end":{"line":4,"column":35}},"2":{"start":{"line":6,"column":4},"end":{"line":10,"column":5}},"3":{"start":{"line":7,"column":8},"end":{"line":9,"column":10}},"4":{"start":{"line":12,"column":4},"end":{"line":16,"column":5}},"5":{"start":{"line":13,"column":8},"end":{"line":15,"column":10}},"6":{"start":{"line":18,"column":4},"end":{"line":18,"column":19}}},"fnMap":{"0":{"name":"(anonymous_0)","decl":{"start":{"line":3,"column":25},"end":{"line":3,"column":26}},"loc":{"start":{"line":3,"column":31},"end":{"line":19,"column":1}},"line":3}},"branchMap":{"0":{"loc":{"start":{"line":6,"column":4},"end":{"line":10,"column":5}},"type":"if","locations":[{"start":{"line":6,"column":4},"end":{"line":10,"column":5}},{"start":{"line":6,"column":4},"end":{"line":10,"column":5}}],"line":6},"1":{"loc":{"start":{"line":12,"column":4},"end":{"line":16,"column":5}},"type":"if","locations":[{"start":{"line":12,"column":4},"end":{"line":16,"column":5}},{"start":{"line":12,"column":4},"end":{"line":16,"column":5}}],"line":12}},"s":{"0":8,"1":8,"2":8,"3":0,"4":8,"5":0,"6":8},"f":{"0":8},"b":{"0":[0,8],"1":[0,8]},"_coverageSchema":"1a1c01bbd47fc00a2c39e90264f33305004495a9","hash":"f2ef803b732fcf0de02ff7e7815ae9f84832d58d"}
,"/Users/10001oleg/backend-todo/source/helpers/env/getDbUrl.js": {"path":"/Users/10001oleg/backend-todo/source/helpers/env/getDbUrl.js","statementMap":{"0":{"start":{"line":3,"column":24},"end":{"line":19,"column":1}},"1":{"start":{"line":4,"column":23},"end":{"line":4,"column":34}},"2":{"start":{"line":6,"column":4},"end":{"line":10,"column":5}},"3":{"start":{"line":7,"column":8},"end":{"line":9,"column":10}},"4":{"start":{"line":12,"column":4},"end":{"line":16,"column":5}},"5":{"start":{"line":13,"column":8},"end":{"line":15,"column":10}},"6":{"start":{"line":18,"column":4},"end":{"line":18,"column":18}}},"fnMap":{"0":{"name":"(anonymous_0)","decl":{"start":{"line":3,"column":24},"end":{"line":3,"column":25}},"loc":{"start":{"line":3,"column":30},"end":{"line":19,"column":1}},"line":3}},"branchMap":{"0":{"loc":{"start":{"line":6,"column":4},"end":{"line":10,"column":5}},"type":"if","locations":[{"start":{"line":6,"column":4},"end":{"line":10,"column":5}},{"start":{"line":6,"column":4},"end":{"line":10,"column":5}}],"line":6},"1":{"loc":{"start":{"line":12,"column":4},"end":{"line":16,"column":5}},"type":"if","locations":[{"start":{"line":12,"column":4},"end":{"line":16,"column":5}},{"start":{"line":12,"column":4},"end":{"line":16,"column":5}}],"line":12}},"s":{"0":8,"1":8,"2":8,"3":0,"4":8,"5":0,"6":8},"f":{"0":8},"b":{"0":[0,8],"1":[0,8]},"_coverageSchema":"1a1c01bbd47fc00a2c39e90264f33305004495a9","hash":"79fdb8c346c1e8693c27fac5b3d4f4b60d193956"}
,"/Users/10001oleg/backend-todo/source/helpers/env/getPort.js": {"path":"/Users/10001oleg/backend-todo/source/helpers/env/getPort.js","statementMap":{"0":{"start":{"line":3,"column":23},"end":{"line":21,"column":1}},"1":{"start":{"line":4,"column":21},"end":{"line":4,"column":32}},"2":{"start":{"line":6,"column":4},"end":{"line":10,"column":5}},"3":{"start":{"line":7,"column":8},"end":{"line":9,"column":10}},"4":{"start":{"line":12,"column":20},"end":{"line":12,"column":51}},"5":{"start":{"line":14,"column":4},"end":{"line":18,"column":5}},"6":{"start":{"line":15,"column":8},"end":{"line":17,"column":10}},"7":{"start":{"line":20,"column":4},"end":{"line":20,"column":24}}},"fnMap":{"0":{"name":"(anonymous_0)","decl":{"start":{"line":3,"column":23},"end":{"line":3,"column":24}},"loc":{"start":{"line":3,"column":29},"end":{"line":21,"column":1}},"line":3}},"branchMap":{"0":{"loc":{"start":{"line":6,"column":4},"end":{"line":10,"column":5}},"type":"if","locations":[{"start":{"line":6,"column":4},"end":{"line":10,"column":5}},{"start":{"line":6,"column":4},"end":{"line":10,"column":5}}],"line":6},"1":{"loc":{"start":{"line":14,"column":4},"end":{"line":18,"column":5}},"type":"if","locations":[{"start":{"line":14,"column":4},"end":{"line":18,"column":5}},{"start":{"line":14,"column":4},"end":{"line":18,"column":5}}],"line":14}},"s":{"0":9,"1":3,"2":3,"3":1,"4":2,"5":2,"6":1,"7":1},"f":{"0":3},"b":{"0":[1,2],"1":[1,1]},"_coverageSchema":"1a1c01bbd47fc00a2c39e90264f33305004495a9","hash":"f728ebf697e70f1eaa3139add2b8b2d5c9df95a7"}
,"/Users/10001oleg/backend-todo/source/helpers/errors/notFoundError.js": {"path":"/Users/10001oleg/backend-todo/source/helpers/errors/notFoundError.js","statementMap":{"0":{"start":{"line":3,"column":8},"end":{"line":3,"column":23}},"1":{"start":{"line":4,"column":37},"end":{"line":4,"column":41}},"2":{"start":{"line":6,"column":8},"end":{"line":8,"column":9}},"3":{"start":{"line":7,"column":12},"end":{"line":7,"column":86}},"4":{"start":{"line":10,"column":8},"end":{"line":14,"column":9}},"5":{"start":{"line":11,"column":12},"end":{"line":13,"column":14}},"6":{"start":{"line":16,"column":8},"end":{"line":16,"column":53}},"7":{"start":{"line":17,"column":8},"end":{"line":17,"column":36}},"8":{"start":{"line":18,"column":8},"end":{"line":18,"column":37}}},"fnMap":{"0":{"name":"(anonymous_0)","decl":{"start":{"line":2,"column":4},"end":{"line":2,"column":5}},"loc":{"start":{"line":2,"column":25},"end":{"line":19,"column":5}},"line":2}},"branchMap":{"0":{"loc":{"start":{"line":4,"column":17},"end":{"line":4,"column":33}},"type":"default-arg","locations":[{"start":{"line":4,"column":30},"end":{"line":4,"column":33}}],"line":4},"1":{"loc":{"start":{"line":6,"column":8},"end":{"line":8,"column":9}},"type":"if","locations":[{"start":{"line":6,"column":8},"end":{"line":8,"column":9}},{"start":{"line":6,"column":8},"end":{"line":8,"column":9}}],"line":6},"2":{"loc":{"start":{"line":10,"column":8},"end":{"line":14,"column":9}},"type":"if","locations":[{"start":{"line":10,"column":8},"end":{"line":14,"column":9}},{"start":{"line":10,"column":8},"end":{"line":14,"column":9}}],"line":10}},"s":{"0":4,"1":4,"2":4,"3":1,"4":3,"5":0,"6":3,"7":3,"8":3},"f":{"0":4},"b":{"0":[2],"1":[1,3],"2":[0,3]},"_coverageSchema":"1a1c01bbd47fc00a2c39e90264f33305004495a9","hash":"4afd1e5ca7d78903a5389558a78780464d268ec8"}
,"/Users/10001oleg/backend-todo/source/helpers/errors/validationError.js": {"path":"/Users/10001oleg/backend-todo/source/helpers/errors/validationError.js","statementMap":{"0":{"start":{"line":3,"column":8},"end":{"line":3,"column":23}},"1":{"start":{"line":4,"column":37},"end":{"line":4,"column":41}},"2":{"start":{"line":6,"column":8},"end":{"line":8,"column":9}},"3":{"start":{"line":7,"column":12},"end":{"line":7,"column":88}},"4":{"start":{"line":10,"column":8},"end":{"line":14,"column":9}},"5":{"start":{"line":11,"column":12},"end":{"line":13,"column":14}},"6":{"start":{"line":16,"column":8},"end":{"line":16,"column":55}},"7":{"start":{"line":17,"column":8},"end":{"line":17,"column":38}},"8":{"start":{"line":18,"column":8},"end":{"line":18,"column":37}}},"fnMap":{"0":{"name":"(anonymous_0)","decl":{"start":{"line":2,"column":4},"end":{"line":2,"column":5}},"loc":{"start":{"line":2,"column":25},"end":{"line":19,"column":5}},"line":2}},"branchMap":{"0":{"loc":{"start":{"line":4,"column":17},"end":{"line":4,"column":33}},"type":"default-arg","locations":[{"start":{"line":4,"column":30},"end":{"line":4,"column":33}}],"line":4},"1":{"loc":{"start":{"line":6,"column":8},"end":{"line":8,"column":9}},"type":"if","locations":[{"start":{"line":6,"column":8},"end":{"line":8,"column":9}},{"start":{"line":6,"column":8},"end":{"line":8,"column":9}}],"line":6},"2":{"loc":{"start":{"line":10,"column":8},"end":{"line":14,"column":9}},"type":"if","locations":[{"start":{"line":10,"column":8},"end":{"line":14,"column":9}},{"start":{"line":10,"column":8},"end":{"line":14,"column":9}}],"line":10}},"s":{"0":3,"1":3,"2":3,"3":0,"4":3,"5":0,"6":3,"7":3,"8":3},"f":{"0":3},"b":{"0":[3],"1":[0,3],"2":[0,3]},"_coverageSchema":"1a1c01bbd47fc00a2c39e90264f33305004495a9","hash":"203933759b39a3577bb5125dbe57209ed989ff1d"}
,"/Users/10001oleg/backend-todo/source/models/auth.js": {"path":"/Users/10001oleg/backend-todo/source/models/auth.js","statementMap":{"0":{"start":{"line":14,"column":8},"end":{"line":14,"column":25}},"1":{"start":{"line":15,"column":8},"end":{"line":15,"column":25}},"2":{"start":{"line":16,"column":8},"end":{"line":16,"column":64}},"3":{"start":{"line":20,"column":36},"end":{"line":20,"column":45}},"4":{"start":{"line":21,"column":25},"end":{"line":24,"column":19}},"5":{"start":{"line":26,"column":8},"end":{"line":28,"column":9}},"6":{"start":{"line":27,"column":12},"end":{"line":27,"column":65}},"7":{"start":{"line":36,"column":12},"end":{"line":36,"column":20}},"8":{"start":{"line":38,"column":22},"end":{"line":38,"column":66}},"9":{"start":{"line":40,"column":8},"end":{"line":42,"column":9}},"10":{"start":{"line":41,"column":12},"end":{"line":41,"column":65}},"11":{"start":{"line":44,"column":24},"end":{"line":46,"column":10}},"12":{"start":{"line":48,"column":22},"end":{"line":54,"column":9}},"13":{"start":{"line":56,"column":8},"end":{"line":56,"column":41}},"14":{"start":{"line":58,"column":8},"end":{"line":58,"column":21}}},"fnMap":{"0":{"name":"(anonymous_0)","decl":{"start":{"line":13,"column":4},"end":{"line":13,"column":5}},"loc":{"start":{"line":13,"column":22},"end":{"line":17,"column":5}},"line":13},"1":{"name":"(anonymous_1)","decl":{"start":{"line":19,"column":4},"end":{"line":19,"column":5}},"loc":{"start":{"line":19,"column":18},"end":{"line":59,"column":5}},"line":19}},"branchMap":{"0":{"loc":{"start":{"line":26,"column":8},"end":{"line":28,"column":9}},"type":"if","locations":[{"start":{"line":26,"column":8},"end":{"line":28,"column":9}},{"start":{"line":26,"column":8},"end":{"line":28,"column":9}}],"line":26},"1":{"loc":{"start":{"line":40,"column":8},"end":{"line":42,"column":9}},"type":"if","locations":[{"start":{"line":40,"column":8},"end":{"line":42,"column":9}},{"start":{"line":40,"column":8},"end":{"line":42,"column":9}}],"line":40}},"s":{"0":10,"1":10,"2":10,"3":10,"4":10,"5":10,"6":1,"7":9,"8":9,"9":9,"10":0,"11":9,"12":9,"13":9,"14":9},"f":{"0":10,"1":10},"b":{"0":[1,9],"1":[0,9]},"_coverageSchema":"1a1c01bbd47fc00a2c39e90264f33305004495a9","hash":"3ed2f6ad63086e1ac0b2fd2aa0ae23a659f78ed9"}
,"/Users/10001oleg/backend-todo/source/models/todos.js": {"path":"/Users/10001oleg/backend-todo/source/models/todos.js","statementMap":{"0":{"start":{"line":6,"column":8},"end":{"line":6,"column":25}},"1":{"start":{"line":7,"column":8},"end":{"line":7,"column":25}},"2":{"start":{"line":11,"column":28},"end":{"line":11,"column":37}},"3":{"start":{"line":12,"column":23},"end":{"line":16,"column":19}},"4":{"start":{"line":18,"column":23},"end":{"line":29,"column":9}},"5":{"start":{"line":21,"column":19},"end":{"line":28,"column":13}},"6":{"start":{"line":31,"column":8},"end":{"line":31,"column":22}},"7":{"start":{"line":35,"column":32},"end":{"line":35,"column":41}},"8":{"start":{"line":36,"column":23},"end":{"line":39,"column":19}},"9":{"start":{"line":41,"column":8},"end":{"line":43,"column":9}},"10":{"start":{"line":42,"column":12},"end":{"line":42,"column":46}},"11":{"start":{"line":47,"column":12},"end":{"line":47,"column":18}},"12":{"start":{"line":49,"column":8},"end":{"line":51,"column":10}},"13":{"start":{"line":55,"column":23},"end":{"line":55,"column":55}},"14":{"start":{"line":59,"column":12},"end":{"line":59,"column":18}},"15":{"start":{"line":61,"column":8},"end":{"line":63,"column":10}},"16":{"start":{"line":67,"column":32},"end":{"line":67,"column":41}},"17":{"start":{"line":68,"column":22},"end":{"line":68,"column":56}},"18":{"start":{"line":70,"column":23},"end":{"line":73,"column":9}},"19":{"start":{"line":75,"column":8},"end":{"line":77,"column":9}},"20":{"start":{"line":76,"column":12},"end":{"line":76,"column":46}},"21":{"start":{"line":79,"column":8},"end":{"line":79,"column":20}},"22":{"start":{"line":83,"column":32},"end":{"line":83,"column":41}},"23":{"start":{"line":85,"column":23},"end":{"line":85,"column":76}},"24":{"start":{"line":87,"column":8},"end":{"line":89,"column":9}},"25":{"start":{"line":88,"column":12},"end":{"line":88,"column":46}},"26":{"start":{"line":91,"column":8},"end":{"line":91,"column":20}},"27":{"start":{"line":95,"column":22},"end":{"line":95,"column":24}},"28":{"start":{"line":98,"column":12},"end":{"line":98,"column":16}},"29":{"start":{"line":100,"column":8},"end":{"line":102,"column":9}},"30":{"start":{"line":101,"column":12},"end":{"line":101,"column":30}},"31":{"start":{"line":104,"column":8},"end":{"line":106,"column":9}},"32":{"start":{"line":105,"column":12},"end":{"line":105,"column":44}},"33":{"start":{"line":108,"column":8},"end":{"line":110,"column":9}},"34":{"start":{"line":109,"column":12},"end":{"line":109,"column":34}},"35":{"start":{"line":112,"column":8},"end":{"line":114,"column":9}},"36":{"start":{"line":113,"column":12},"end":{"line":113,"column":26}},"37":{"start":{"line":116,"column":8},"end":{"line":116,"column":21}}},"fnMap":{"0":{"name":"(anonymous_0)","decl":{"start":{"line":5,"column":4},"end":{"line":5,"column":5}},"loc":{"start":{"line":5,"column":22},"end":{"line":8,"column":5}},"line":5},"1":{"name":"(anonymous_1)","decl":{"start":{"line":10,"column":4},"end":{"line":10,"column":5}},"loc":{"start":{"line":10,"column":17},"end":{"line":32,"column":5}},"line":10},"2":{"name":"(anonymous_2)","decl":{"start":{"line":19,"column":12},"end":{"line":19,"column":13}},"loc":{"start":{"line":21,"column":19},"end":{"line":28,"column":13}},"line":21},"3":{"name":"(anonymous_3)","decl":{"start":{"line":34,"column":4},"end":{"line":34,"column":5}},"loc":{"start":{"line":34,"column":21},"end":{"line":52,"column":5}},"line":34},"4":{"name":"(anonymous_4)","decl":{"start":{"line":54,"column":4},"end":{"line":54,"column":5}},"loc":{"start":{"line":54,"column":19},"end":{"line":64,"column":5}},"line":54},"5":{"name":"(anonymous_5)","decl":{"start":{"line":66,"column":4},"end":{"line":66,"column":5}},"loc":{"start":{"line":66,"column":19},"end":{"line":80,"column":5}},"line":66},"6":{"name":"(anonymous_6)","decl":{"start":{"line":82,"column":4},"end":{"line":82,"column":5}},"loc":{"start":{"line":82,"column":19},"end":{"line":92,"column":5}},"line":82},"7":{"name":"(anonymous_7)","decl":{"start":{"line":94,"column":4},"end":{"line":94,"column":5}},"loc":{"start":{"line":94,"column":35},"end":{"line":117,"column":5}},"line":94}},"branchMap":{"0":{"loc":{"start":{"line":41,"column":8},"end":{"line":43,"column":9}},"type":"if","locations":[{"start":{"line":41,"column":8},"end":{"line":43,"column":9}},{"start":{"line":41,"column":8},"end":{"line":43,"column":9}}],"line":41},"1":{"loc":{"start":{"line":75,"column":8},"end":{"line":77,"column":9}},"type":"if","locations":[{"start":{"line":75,"column":8},"end":{"line":77,"column":9}},{"start":{"line":75,"column":8},"end":{"line":77,"column":9}}],"line":75},"2":{"loc":{"start":{"line":87,"column":8},"end":{"line":89,"column":9}},"type":"if","locations":[{"start":{"line":87,"column":8},"end":{"line":89,"column":9}},{"start":{"line":87,"column":8},"end":{"line":89,"column":9}}],"line":87},"3":{"loc":{"start":{"line":100,"column":8},"end":{"line":102,"column":9}},"type":"if","locations":[{"start":{"line":100,"column":8},"end":{"line":102,"column":9}},{"start":{"line":100,"column":8},"end":{"line":102,"column":9}}],"line":100},"4":{"loc":{"start":{"line":104,"column":8},"end":{"line":106,"column":9}},"type":"if","locations":[{"start":{"line":104,"column":8},"end":{"line":106,"column":9}},{"start":{"line":104,"column":8},"end":{"line":106,"column":9}}],"line":104},"5":{"loc":{"start":{"line":108,"column":8},"end":{"line":110,"column":9}},"type":"if","locations":[{"start":{"line":108,"column":8},"end":{"line":110,"column":9}},{"start":{"line":108,"column":8},"end":{"line":110,"column":9}}],"line":108},"6":{"loc":{"start":{"line":112,"column":8},"end":{"line":114,"column":9}},"type":"if","locations":[{"start":{"line":112,"column":8},"end":{"line":114,"column":9}},{"start":{"line":112,"column":8},"end":{"line":114,"column":9}}],"line":112}},"s":{"0":10,"1":10,"2":2,"3":2,"4":2,"5":1,"6":2,"7":1,"8":1,"9":1,"10":0,"11":1,"12":1,"13":5,"14":5,"15":5,"16":1,"17":1,"18":1,"19":1,"20":0,"21":1,"22":1,"23":1,"24":1,"25":0,"26":1,"27":1,"28":1,"29":1,"30":1,"31":1,"32":1,"33":1,"34":0,"35":1,"36":1,"37":1},"f":{"0":10,"1":2,"2":1,"3":1,"4":5,"5":1,"6":1,"7":1},"b":{"0":[0,1],"1":[0,1],"2":[0,1],"3":[1,0],"4":[1,0],"5":[0,1],"6":[1,0]},"_coverageSchema":"1a1c01bbd47fc00a2c39e90264f33305004495a9","hash":"f21a75976f950ae19416b0a72087f3669c1bb916"}
,"/Users/10001oleg/backend-todo/source/models/users.js": {"path":"/Users/10001oleg/backend-todo/source/models/users.js","statementMap":{"0":{"start":{"line":6,"column":8},"end":{"line":6,"column":25}},"1":{"start":{"line":7,"column":8},"end":{"line":7,"column":25}},"2":{"start":{"line":11,"column":38},"end":{"line":11,"column":47}},"3":{"start":{"line":12,"column":25},"end":{"line":12,"column":77}},"4":{"start":{"line":14,"column":40},"end":{"line":14,"column":48}},"5":{"start":{"line":16,"column":8},"end":{"line":16,"column":39}},"6":{"start":{"line":20,"column":25},"end":{"line":20,"column":57}},"7":{"start":{"line":24,"column":12},"end":{"line":24,"column":20}},"8":{"start":{"line":26,"column":8},"end":{"line":28,"column":10}}},"fnMap":{"0":{"name":"(anonymous_0)","decl":{"start":{"line":5,"column":4},"end":{"line":5,"column":5}},"loc":{"start":{"line":5,"column":22},"end":{"line":8,"column":5}},"line":5},"1":{"name":"(anonymous_1)","decl":{"start":{"line":10,"column":4},"end":{"line":10,"column":5}},"loc":{"start":{"line":10,"column":17},"end":{"line":17,"column":5}},"line":10},"2":{"name":"(anonymous_2)","decl":{"start":{"line":19,"column":4},"end":{"line":19,"column":5}},"loc":{"start":{"line":19,"column":19},"end":{"line":29,"column":5}},"line":19}},"branchMap":{},"s":{"0":17,"1":17,"2":1,"3":1,"4":1,"5":1,"6":16,"7":14,"8":14},"f":{"0":17,"1":1,"2":16},"b":{},"_coverageSchema":"1a1c01bbd47fc00a2c39e90264f33305004495a9","hash":"a0a4f35b78f9e2b7809295cb7da82ad0a0e96a40"}
,"/Users/10001oleg/backend-todo/source/odm/jwt.js": {"path":"/Users/10001oleg/backend-todo/source/odm/jwt.js","statementMap":{"0":{"start":{"line":5,"column":15},"end":{"line":17,"column":1}},"1":{"start":{"line":19,"column":0},"end":{"line":19,"column":59}},"2":{"start":{"line":22,"column":19},"end":{"line":22,"column":48}}},"fnMap":{},"branchMap":{},"s":{"0":8,"1":8,"2":8},"f":{},"b":{},"_coverageSchema":"1a1c01bbd47fc00a2c39e90264f33305004495a9","hash":"dd2b5b1e7792b9a134c8b1b3d163d0e5742e7767"}
,"/Users/10001oleg/backend-todo/source/odm/todos.js": {"path":"/Users/10001oleg/backend-todo/source/odm/todos.js","statementMap":{"0":{"start":{"line":5,"column":15},"end":{"line":37,"column":1}},"1":{"start":{"line":32,"column":16},"end":{"line":32,"column":39}},"2":{"start":{"line":39,"column":0},"end":{"line":39,"column":31}},"3":{"start":{"line":42,"column":21},"end":{"line":42,"column":52}}},"fnMap":{"0":{"name":"(anonymous_0)","decl":{"start":{"line":31,"column":12},"end":{"line":31,"column":13}},"loc":{"start":{"line":31,"column":19},"end":{"line":33,"column":13}},"line":31}},"branchMap":{},"s":{"0":8,"1":7,"2":8,"3":8},"f":{"0":7},"b":{},"_coverageSchema":"1a1c01bbd47fc00a2c39e90264f33305004495a9","hash":"1e975d8002f39b3ea1109bebf03e08129d4c9abb"}
,"/Users/10001oleg/backend-todo/source/odm/users.js": {"path":"/Users/10001oleg/backend-todo/source/odm/users.js","statementMap":{"0":{"start":{"line":7,"column":15},"end":{"line":29,"column":67}},"1":{"start":{"line":26,"column":12},"end":{"line":26,"column":42}},"2":{"start":{"line":31,"column":0},"end":{"line":31,"column":31}},"3":{"start":{"line":34,"column":21},"end":{"line":34,"column":52}}},"fnMap":{"0":{"name":"(anonymous_0)","decl":{"start":{"line":25,"column":8},"end":{"line":25,"column":9}},"loc":{"start":{"line":25,"column":15},"end":{"line":27,"column":9}},"line":25}},"branchMap":{},"s":{"0":8,"1":16,"2":8,"3":8},"f":{"0":16},"b":{},"_coverageSchema":"1a1c01bbd47fc00a2c39e90264f33305004495a9","hash":"dc775b4d13849b04efe80bc91387c7428d15cbd7"}
,"/Users/10001oleg/backend-todo/source/routers/auth/handlers.js": {"path":"/Users/10001oleg/backend-todo/source/routers/auth/handlers.js","statementMap":{"0":{"start":{"line":7,"column":14},"end":{"line":7,"column":31}},"1":{"start":{"line":9,"column":21},"end":{"line":33,"column":1}},"2":{"start":{"line":10,"column":4},"end":{"line":10,"column":48}},"3":{"start":{"line":12,"column":4},"end":{"line":32,"column":5}},"4":{"start":{"line":13,"column":8},"end":{"line":15,"column":9}},"5":{"start":{"line":14,"column":12},"end":{"line":14,"column":57}},"6":{"start":{"line":17,"column":36},"end":{"line":17,"column":72}},"7":{"start":{"line":19,"column":8},"end":{"line":21,"column":9}},"8":{"start":{"line":20,"column":12},"end":{"line":20,"column":72}},"9":{"start":{"line":22,"column":34},"end":{"line":24,"column":23}},"10":{"start":{"line":26,"column":21},"end":{"line":26,"column":50}},"11":{"start":{"line":27,"column":22},"end":{"line":27,"column":40}},"12":{"start":{"line":29,"column":8},"end":{"line":29,"column":46}},"13":{"start":{"line":31,"column":8},"end":{"line":31,"column":57}}},"fnMap":{"0":{"name":"(anonymous_0)","decl":{"start":{"line":9,"column":21},"end":{"line":9,"column":22}},"loc":{"start":{"line":9,"column":41},"end":{"line":33,"column":1}},"line":9}},"branchMap":{"0":{"loc":{"start":{"line":13,"column":8},"end":{"line":15,"column":9}},"type":"if","locations":[{"start":{"line":13,"column":8},"end":{"line":15,"column":9}},{"start":{"line":13,"column":8},"end":{"line":15,"column":9}}],"line":13},"1":{"loc":{"start":{"line":19,"column":8},"end":{"line":21,"column":9}},"type":"if","locations":[{"start":{"line":19,"column":8},"end":{"line":21,"column":9}},{"start":{"line":19,"column":8},"end":{"line":21,"column":9}}],"line":19}},"s":{"0":8,"1":8,"2":3,"3":3,"4":3,"5":0,"6":3,"7":3,"8":1,"9":2,"10":2,"11":2,"12":1,"13":2},"f":{"0":3},"b":{"0":[0,3],"1":[1,2]},"_coverageSchema":"1a1c01bbd47fc00a2c39e90264f33305004495a9","hash":"c45219a56f055b138736748bebd91129e05298ff"}
,"/Users/10001oleg/backend-todo/source/routers/auth/index.js": {"path":"/Users/10001oleg/backend-todo/source/routers/auth/index.js","statementMap":{"0":{"start":{"line":10,"column":14},"end":{"line":10,"column":30}},"1":{"start":{"line":11,"column":16},"end":{"line":11,"column":29}},"2":{"start":{"line":13,"column":0},"end":{"line":13,"column":73}}},"fnMap":{},"branchMap":{},"s":{"0":8,"1":8,"2":8},"f":{},"b":{},"_coverageSchema":"1a1c01bbd47fc00a2c39e90264f33305004495a9","hash":"0cefbea6cfb153c9e0283ee0d4fad522767ec072"}
,"/Users/10001oleg/backend-todo/source/routers/todos/index.js": {"path":"/Users/10001oleg/backend-todo/source/routers/todos/index.js","statementMap":{"0":{"start":{"line":11,"column":14},"end":{"line":11,"column":30}},"1":{"start":{"line":12,"column":16},"end":{"line":12,"column":29}},"2":{"start":{"line":15,"column":0},"end":{"line":15,"column":82}},"3":{"start":{"line":18,"column":0},"end":{"line":18,"column":74}},"4":{"start":{"line":19,"column":0},"end":{"line":19,"column":76}},"5":{"start":{"line":20,"column":0},"end":{"line":20,"column":78}},"6":{"start":{"line":21,"column":0},"end":{"line":21,"column":84}}},"fnMap":{},"branchMap":{},"s":{"0":8,"1":8,"2":8,"3":8,"4":8,"5":8,"6":8},"f":{},"b":{},"_coverageSchema":"1a1c01bbd47fc00a2c39e90264f33305004495a9","hash":"cef39055f75d320bc6df27f563b4bda9df26748d"}
,"/Users/10001oleg/backend-todo/source/routers/todos/v1/index.js": {"path":"/Users/10001oleg/backend-todo/source/routers/todos/v1/index.js","statementMap":{"0":{"start":{"line":7,"column":14},"end":{"line":7,"column":35}},"1":{"start":{"line":9,"column":23},"end":{"line":22,"column":1}},"2":{"start":{"line":10,"column":4},"end":{"line":10,"column":48}},"3":{"start":{"line":12,"column":4},"end":{"line":21,"column":5}},"4":{"start":{"line":13,"column":31},"end":{"line":13,"column":41}},"5":{"start":{"line":14,"column":21},"end":{"line":14,"column":62}},"6":{"start":{"line":15,"column":22},"end":{"line":15,"column":37}},"7":{"start":{"line":16,"column":21},"end":{"line":16,"column":43}},"8":{"start":{"line":18,"column":8},"end":{"line":18,"column":45}},"9":{"start":{"line":20,"column":8},"end":{"line":20,"column":57}}},"fnMap":{"0":{"name":"(anonymous_0)","decl":{"start":{"line":9,"column":23},"end":{"line":9,"column":24}},"loc":{"start":{"line":9,"column":43},"end":{"line":22,"column":1}},"line":9}},"branchMap":{},"s":{"0":8,"1":8,"2":1,"3":1,"4":1,"5":1,"6":1,"7":1,"8":1,"9":0},"f":{"0":1},"b":{},"_coverageSchema":"1a1c01bbd47fc00a2c39e90264f33305004495a9","hash":"629db368c9464d0402a5c5ca89b169a40202d319"}
,"/Users/10001oleg/backend-todo/source/routers/todos/v2/index.js": {"path":"/Users/10001oleg/backend-todo/source/routers/todos/v2/index.js","statementMap":{"0":{"start":{"line":7,"column":14},"end":{"line":7,"column":35}},"1":{"start":{"line":9,"column":19},"end":{"line":20,"column":1}},"2":{"start":{"line":10,"column":4},"end":{"line":10,"column":48}},"3":{"start":{"line":12,"column":4},"end":{"line":19,"column":5}},"4":{"start":{"line":13,"column":22},"end":{"line":13,"column":41}},"5":{"start":{"line":14,"column":21},"end":{"line":14,"column":39}},"6":{"start":{"line":16,"column":8},"end":{"line":16,"column":39}},"7":{"start":{"line":18,"column":8},"end":{"line":18,"column":57}},"8":{"start":{"line":22,"column":20},"end":{"line":34,"column":1}},"9":{"start":{"line":23,"column":4},"end":{"line":23,"column":48}},"10":{"start":{"line":25,"column":4},"end":{"line":33,"column":5}},"11":{"start":{"line":26,"column":21},"end":{"line":26,"column":54}},"12":{"start":{"line":27,"column":22},"end":{"line":27,"column":37}},"13":{"start":{"line":28,"column":21},"end":{"line":28,"column":41}},"14":{"start":{"line":30,"column":8},"end":{"line":30,"column":45}},"15":{"start":{"line":32,"column":8},"end":{"line":32,"column":42}},"16":{"start":{"line":36,"column":19},"end":{"line":49,"column":1}},"17":{"start":{"line":37,"column":4},"end":{"line":37,"column":48}},"18":{"start":{"line":39,"column":4},"end":{"line":48,"column":5}},"19":{"start":{"line":40,"column":31},"end":{"line":40,"column":41}},"20":{"start":{"line":41,"column":21},"end":{"line":41,"column":62}},"21":{"start":{"line":42,"column":22},"end":{"line":42,"column":37}},"22":{"start":{"line":43,"column":8},"end":{"line":43,"column":29}},"23":{"start":{"line":45,"column":8},"end":{"line":45,"column":28}},"24":{"start":{"line":47,"column":8},"end":{"line":47,"column":42}},"25":{"start":{"line":51,"column":22},"end":{"line":64,"column":1}},"26":{"start":{"line":52,"column":4},"end":{"line":52,"column":48}},"27":{"start":{"line":54,"column":4},"end":{"line":63,"column":5}},"28":{"start":{"line":55,"column":31},"end":{"line":55,"column":41}},"29":{"start":{"line":56,"column":21},"end":{"line":56,"column":49}},"30":{"start":{"line":57,"column":22},"end":{"line":57,"column":37}},"31":{"start":{"line":58,"column":8},"end":{"line":58,"column":29}},"32":{"start":{"line":60,"column":8},"end":{"line":60,"column":28}},"33":{"start":{"line":62,"column":8},"end":{"line":62,"column":42}}},"fnMap":{"0":{"name":"(anonymous_0)","decl":{"start":{"line":9,"column":19},"end":{"line":9,"column":20}},"loc":{"start":{"line":9,"column":39},"end":{"line":20,"column":1}},"line":9},"1":{"name":"(anonymous_1)","decl":{"start":{"line":22,"column":20},"end":{"line":22,"column":21}},"loc":{"start":{"line":22,"column":40},"end":{"line":34,"column":1}},"line":22},"2":{"name":"(anonymous_2)","decl":{"start":{"line":36,"column":19},"end":{"line":36,"column":20}},"loc":{"start":{"line":36,"column":39},"end":{"line":49,"column":1}},"line":36},"3":{"name":"(anonymous_3)","decl":{"start":{"line":51,"column":22},"end":{"line":51,"column":23}},"loc":{"start":{"line":51,"column":42},"end":{"line":64,"column":1}},"line":51}},"branchMap":{},"s":{"0":8,"1":8,"2":2,"3":2,"4":2,"5":2,"6":2,"7":0,"8":8,"9":1,"10":1,"11":1,"12":1,"13":1,"14":1,"15":0,"16":8,"17":1,"18":1,"19":1,"20":1,"21":1,"22":1,"23":1,"24":0,"25":8,"26":1,"27":1,"28":1,"29":1,"30":1,"31":1,"32":1,"33":0},"f":{"0":2,"1":1,"2":1,"3":1},"b":{},"_coverageSchema":"1a1c01bbd47fc00a2c39e90264f33305004495a9","hash":"a77e78361943d9487eae99c2f5be2ccb8e05b033"}
,"/Users/10001oleg/backend-todo/source/routers/users/handlers.js": {"path":"/Users/10001oleg/backend-todo/source/routers/users/handlers.js","statementMap":{"0":{"start":{"line":7,"column":14},"end":{"line":7,"column":32}},"1":{"start":{"line":9,"column":19},"end":{"line":20,"column":1}},"2":{"start":{"line":10,"column":4},"end":{"line":10,"column":48}},"3":{"start":{"line":12,"column":4},"end":{"line":19,"column":5}},"4":{"start":{"line":13,"column":21},"end":{"line":13,"column":40}},"5":{"start":{"line":14,"column":21},"end":{"line":14,"column":38}},"6":{"start":{"line":16,"column":8},"end":{"line":16,"column":39}},"7":{"start":{"line":18,"column":8},"end":{"line":18,"column":57}},"8":{"start":{"line":22,"column":20},"end":{"line":39,"column":1}},"9":{"start":{"line":23,"column":4},"end":{"line":23,"column":48}},"10":{"start":{"line":25,"column":4},"end":{"line":38,"column":5}},"11":{"start":{"line":26,"column":21},"end":{"line":26,"column":40}},"12":{"start":{"line":27,"column":21},"end":{"line":27,"column":40}},"13":{"start":{"line":29,"column":8},"end":{"line":29,"column":39}},"14":{"start":{"line":31,"column":8},"end":{"line":37,"column":9}},"15":{"start":{"line":32,"column":12},"end":{"line":34,"column":15}},"16":{"start":{"line":36,"column":12},"end":{"line":36,"column":46}}},"fnMap":{"0":{"name":"(anonymous_0)","decl":{"start":{"line":9,"column":19},"end":{"line":9,"column":20}},"loc":{"start":{"line":9,"column":39},"end":{"line":20,"column":1}},"line":9},"1":{"name":"(anonymous_1)","decl":{"start":{"line":22,"column":20},"end":{"line":22,"column":21}},"loc":{"start":{"line":22,"column":40},"end":{"line":39,"column":1}},"line":22}},"branchMap":{"0":{"loc":{"start":{"line":31,"column":8},"end":{"line":37,"column":9}},"type":"if","locations":[{"start":{"line":31,"column":8},"end":{"line":37,"column":9}},{"start":{"line":31,"column":8},"end":{"line":37,"column":9}}],"line":31}},"s":{"0":8,"1":8,"2":1,"3":1,"4":1,"5":1,"6":1,"7":0,"8":8,"9":4,"10":4,"11":4,"12":4,"13":2,"14":2,"15":2,"16":0},"f":{"0":1,"1":4},"b":{"0":[2,0]},"_coverageSchema":"1a1c01bbd47fc00a2c39e90264f33305004495a9","hash":"a020a87a0b5105edd823c2ecc60a510ece13dfc1"}
,"/Users/10001oleg/backend-todo/source/routers/users/index.js": {"path":"/Users/10001oleg/backend-todo/source/routers/users/index.js","statementMap":{"0":{"start":{"line":10,"column":14},"end":{"line":10,"column":30}},"1":{"start":{"line":11,"column":16},"end":{"line":11,"column":29}},"2":{"start":{"line":13,"column":0},"end":{"line":13,"column":80}},"3":{"start":{"line":14,"column":0},"end":{"line":14,"column":60}}},"fnMap":{},"branchMap":{},"s":{"0":8,"1":8,"2":8,"3":8},"f":{},"b":{},"_coverageSchema":"1a1c01bbd47fc00a2c39e90264f33305004495a9","hash":"801e7c21d86eabec20246027e4aa2d866d2328a0"}
}
