TN:
SF:source/server.js
FN:20,(anonymous_0)
FN:49,(anonymous_1)
FN:59,(anonymous_2)
FNF:3
FNH:2
FNDA:16,(anonymous_0)
FNDA:1,(anonymous_1)
FNDA:0,(anonymous_2)
DA:16,8
DA:17,8
DA:19,8
DA:20,8
DA:21,16
DA:23,16
DA:24,16
DA:25,16
DA:29,16
DA:34,16
DA:35,0
DA:37,16
DA:41,8
DA:47,8
DA:49,8
DA:50,1
DA:54,1
DA:57,8
DA:59,0
DA:60,0
DA:61,0
DA:63,0
DA:65,0
DA:66,0
LF:24
LH:17
BRDA:21,0,0,16
BRDA:21,0,1,16
BRDA:34,1,0,0
BRDA:34,1,1,16
BRDA:57,2,0,0
BRDA:57,2,1,8
BRDA:65,3,0,0
BRDA:65,3,1,0
BRF:8
BRH:4
end_of_record
TN:
SF:source/controllers/auth.js
FN:4,(anonymous_0)
FN:10,(anonymous_1)
FNF:2
FNH:2
FNDA:10,(anonymous_0)
FNDA:10,(anonymous_1)
DA:5,10
DA:11,10
DA:12,10
DA:14,9
LF:4
LH:4
BRF:0
BRH:0
end_of_record
TN:
SF:source/controllers/todos.js
FN:4,(anonymous_0)
FN:10,(anonymous_1)
FN:17,(anonymous_2)
FN:24,(anonymous_3)
FN:31,(anonymous_4)
FN:38,(anonymous_5)
FNF:6
FNH:6
FNDA:10,(anonymous_0)
FNDA:2,(anonymous_1)
FNDA:1,(anonymous_2)
FNDA:5,(anonymous_3)
FNDA:1,(anonymous_4)
FNDA:1,(anonymous_5)
DA:5,10
DA:11,2
DA:12,2
DA:14,2
DA:18,1
DA:19,1
DA:21,1
DA:25,5
DA:26,5
DA:28,5
DA:32,1
DA:33,1
DA:35,1
DA:39,1
DA:40,1
DA:42,1
LF:16
LH:16
BRF:0
BRH:0
end_of_record
TN:
SF:source/controllers/users.js
FN:4,(anonymous_0)
FN:10,(anonymous_1)
FN:17,(anonymous_2)
FNF:3
FNH:3
FNDA:17,(anonymous_0)
FNDA:1,(anonymous_1)
FNDA:16,(anonymous_2)
DA:5,17
DA:11,1
DA:12,1
DA:14,1
DA:18,16
DA:19,16
DA:21,14
LF:7
LH:7
BRF:0
BRH:0
end_of_record
TN:
SF:source/db/index.js
FN:31,(anonymous_0)
FN:34,(anonymous_1)
FNF:2
FNH:1
FNDA:8,(anonymous_0)
FNDA:0,(anonymous_1)
DA:8,8
DA:9,8
DA:10,8
DA:11,8
DA:13,8
DA:25,8
DA:30,8
DA:32,8
DA:35,0
LF:9
LH:8
BRF:0
BRH:0
end_of_record
TN:
SF:source/helpers/authenticate.js
FN:7,(anonymous_0)
FNF:1
FNH:1
FNDA:8,(anonymous_0)
DA:7,8
DA:8,8
DA:9,8
DA:11,8
DA:12,1
DA:14,7
DA:15,7
DA:18,7
DA:20,7
DA:24,7
DA:26,0
LF:11
LH:10
BRDA:11,0,0,1
BRDA:11,0,1,7
BRF:2
BRH:2
end_of_record
TN:
SF:source/helpers/fakeData.js
FN:4,(anonymous_0)
FN:11,(anonymous_1)
FNF:2
FNH:2
FNDA:14,(anonymous_0)
FNDA:7,(anonymous_1)
DA:4,14
DA:11,8
LF:2
LH:2
BRF:0
BRH:0
end_of_record
TN:
SF:source/helpers/limiter.js
FN:3,(anonymous_0)
FNF:1
FNH:1
FNDA:64,(anonymous_0)
DA:3,64
LF:1
LH:1
BRF:0
BRH:0
end_of_record
TN:
SF:source/helpers/env/getDbName.js
FN:3,(anonymous_0)
FNF:1
FNH:1
FNDA:8,(anonymous_0)
DA:3,8
DA:4,8
DA:6,8
DA:7,0
DA:12,8
DA:13,0
DA:18,8
LF:7
LH:5
BRDA:6,0,0,0
BRDA:6,0,1,8
BRDA:12,1,0,0
BRDA:12,1,1,8
BRF:4
BRH:2
end_of_record
TN:
SF:source/helpers/env/getDbPort.js
FN:3,(anonymous_0)
FNF:1
FNH:1
FNDA:8,(anonymous_0)
DA:3,8
DA:4,8
DA:6,8
DA:7,0
DA:12,8
DA:13,0
DA:18,8
LF:7
LH:5
BRDA:6,0,0,0
BRDA:6,0,1,8
BRDA:12,1,0,0
BRDA:12,1,1,8
BRF:4
BRH:2
end_of_record
TN:
SF:source/helpers/env/getDbUrl.js
FN:3,(anonymous_0)
FNF:1
FNH:1
FNDA:8,(anonymous_0)
DA:3,8
DA:4,8
DA:6,8
DA:7,0
DA:12,8
DA:13,0
DA:18,8
LF:7
LH:5
BRDA:6,0,0,0
BRDA:6,0,1,8
BRDA:12,1,0,0
BRDA:12,1,1,8
BRF:4
BRH:2
end_of_record
TN:
SF:source/helpers/env/getPort.js
FN:3,(anonymous_0)
FNF:1
FNH:1
FNDA:3,(anonymous_0)
DA:3,9
DA:4,3
DA:6,3
DA:7,1
DA:12,2
DA:14,2
DA:15,1
DA:20,1
LF:8
LH:8
BRDA:6,0,0,1
BRDA:6,0,1,2
BRDA:14,1,0,1
BRDA:14,1,1,1
BRF:4
BRH:4
end_of_record
TN:
SF:source/helpers/errors/notFoundError.js
FN:2,(anonymous_0)
FNF:1
FNH:1
FNDA:4,(anonymous_0)
DA:3,4
DA:4,4
DA:6,4
DA:7,1
DA:10,3
DA:11,0
DA:16,3
DA:17,3
DA:18,3
LF:9
LH:8
BRDA:4,0,0,2
BRDA:6,1,0,1
BRDA:6,1,1,3
BRDA:10,2,0,0
BRDA:10,2,1,3
BRF:5
BRH:4
end_of_record
TN:
SF:source/helpers/errors/validationError.js
FN:2,(anonymous_0)
FNF:1
FNH:1
FNDA:3,(anonymous_0)
DA:3,3
DA:4,3
DA:6,3
DA:7,0
DA:10,3
DA:11,0
DA:16,3
DA:17,3
DA:18,3
LF:9
LH:7
BRDA:4,0,0,3
BRDA:6,1,0,0
BRDA:6,1,1,3
BRDA:10,2,0,0
BRDA:10,2,1,3
BRF:5
BRH:3
end_of_record
TN:
SF:source/models/auth.js
FN:13,(anonymous_0)
FN:19,(anonymous_1)
FNF:2
FNH:2
FNDA:10,(anonymous_0)
FNDA:10,(anonymous_1)
DA:14,10
DA:15,10
DA:16,10
DA:20,10
DA:21,10
DA:26,10
DA:27,1
DA:36,9
DA:38,9
DA:40,9
DA:41,0
DA:44,9
DA:48,9
DA:56,9
DA:58,9
LF:15
LH:14
BRDA:26,0,0,1
BRDA:26,0,1,9
BRDA:40,1,0,0
BRDA:40,1,1,9
BRF:4
BRH:3
end_of_record
TN:
SF:source/models/todos.js
FN:5,(anonymous_0)
FN:10,(anonymous_1)
FN:19,(anonymous_2)
FN:34,(anonymous_3)
FN:54,(anonymous_4)
FN:66,(anonymous_5)
FN:82,(anonymous_6)
FN:94,(anonymous_7)
FNF:8
FNH:8
FNDA:10,(anonymous_0)
FNDA:2,(anonymous_1)
FNDA:1,(anonymous_2)
FNDA:1,(anonymous_3)
FNDA:5,(anonymous_4)
FNDA:1,(anonymous_5)
FNDA:1,(anonymous_6)
FNDA:1,(anonymous_7)
DA:6,10
DA:7,10
DA:11,2
DA:12,2
DA:18,2
DA:21,1
DA:31,2
DA:35,1
DA:36,1
DA:41,1
DA:42,0
DA:47,1
DA:49,1
DA:55,5
DA:59,5
DA:61,5
DA:67,1
DA:68,1
DA:70,1
DA:75,1
DA:76,0
DA:79,1
DA:83,1
DA:85,1
DA:87,1
DA:88,0
DA:91,1
DA:95,1
DA:98,1
DA:100,1
DA:101,1
DA:104,1
DA:105,1
DA:108,1
DA:109,0
DA:112,1
DA:113,1
DA:116,1
LF:38
LH:34
BRDA:41,0,0,0
BRDA:41,0,1,1
BRDA:75,1,0,0
BRDA:75,1,1,1
BRDA:87,2,0,0
BRDA:87,2,1,1
BRDA:100,3,0,1
BRDA:100,3,1,0
BRDA:104,4,0,1
BRDA:104,4,1,0
BRDA:108,5,0,0
BRDA:108,5,1,1
BRDA:112,6,0,1
BRDA:112,6,1,0
BRF:14
BRH:7
end_of_record
TN:
SF:source/models/users.js
FN:5,(anonymous_0)
FN:10,(anonymous_1)
FN:19,(anonymous_2)
FNF:3
FNH:3
FNDA:17,(anonymous_0)
FNDA:1,(anonymous_1)
FNDA:16,(anonymous_2)
DA:6,17
DA:7,17
DA:11,1
DA:12,1
DA:14,1
DA:16,1
DA:20,16
DA:24,14
DA:26,14
LF:9
LH:9
BRF:0
BRH:0
end_of_record
TN:
SF:source/odm/jwt.js
FNF:0
FNH:0
DA:5,8
DA:19,8
DA:22,8
LF:3
LH:3
BRF:0
BRH:0
end_of_record
TN:
SF:source/odm/todos.js
FN:31,(anonymous_0)
FNF:1
FNH:1
FNDA:7,(anonymous_0)
DA:5,8
DA:32,7
DA:39,8
DA:42,8
LF:4
LH:4
BRF:0
BRH:0
end_of_record
TN:
SF:source/odm/users.js
FN:25,(anonymous_0)
FNF:1
FNH:1
FNDA:16,(anonymous_0)
DA:7,8
DA:26,16
DA:31,8
DA:34,8
LF:4
LH:4
BRF:0
BRH:0
end_of_record
TN:
SF:source/routers/auth/handlers.js
FN:9,(anonymous_0)
FNF:1
FNH:1
FNDA:3,(anonymous_0)
DA:7,8
DA:9,8
DA:10,3
DA:12,3
DA:13,3
DA:14,0
DA:17,3
DA:19,3
DA:20,1
DA:22,2
DA:26,2
DA:27,2
DA:29,1
DA:31,2
LF:14
LH:13
BRDA:13,0,0,0
BRDA:13,0,1,3
BRDA:19,1,0,1
BRDA:19,1,1,2
BRF:4
BRH:3
end_of_record
TN:
SF:source/routers/auth/index.js
FNF:0
FNH:0
DA:10,8
DA:11,8
DA:13,8
LF:3
LH:3
BRF:0
BRH:0
end_of_record
TN:
SF:source/routers/todos/index.js
FNF:0
FNH:0
DA:11,8
DA:12,8
DA:15,8
DA:18,8
DA:19,8
DA:20,8
DA:21,8
LF:7
LH:7
BRF:0
BRH:0
end_of_record
TN:
SF:source/routers/todos/v1/index.js
FN:9,(anonymous_0)
FNF:1
FNH:1
FNDA:1,(anonymous_0)
DA:7,8
DA:9,8
DA:10,1
DA:12,1
DA:13,1
DA:14,1
DA:15,1
DA:16,1
DA:18,1
DA:20,0
LF:10
LH:9
BRF:0
BRH:0
end_of_record
TN:
SF:source/routers/todos/v2/index.js
FN:9,(anonymous_0)
FN:22,(anonymous_1)
FN:36,(anonymous_2)
FN:51,(anonymous_3)
FNF:4
FNH:4
FNDA:2,(anonymous_0)
FNDA:1,(anonymous_1)
FNDA:1,(anonymous_2)
FNDA:1,(anonymous_3)
DA:7,8
DA:9,8
DA:10,2
DA:12,2
DA:13,2
DA:14,2
DA:16,2
DA:18,0
DA:22,8
DA:23,1
DA:25,1
DA:26,1
DA:27,1
DA:28,1
DA:30,1
DA:32,0
DA:36,8
DA:37,1
DA:39,1
DA:40,1
DA:41,1
DA:42,1
DA:43,1
DA:45,1
DA:47,0
DA:51,8
DA:52,1
DA:54,1
DA:55,1
DA:56,1
DA:57,1
DA:58,1
DA:60,1
DA:62,0
LF:34
LH:30
BRF:0
BRH:0
end_of_record
TN:
SF:source/routers/users/handlers.js
FN:9,(anonymous_0)
FN:22,(anonymous_1)
FNF:2
FNH:2
FNDA:1,(anonymous_0)
FNDA:4,(anonymous_1)
DA:7,8
DA:9,8
DA:10,1
DA:12,1
DA:13,1
DA:14,1
DA:16,1
DA:18,0
DA:22,8
DA:23,4
DA:25,4
DA:26,4
DA:27,4
DA:29,2
DA:31,2
DA:32,2
DA:36,0
LF:17
LH:15
BRDA:31,0,0,2
BRDA:31,0,1,0
BRF:2
BRH:1
end_of_record
TN:
SF:source/routers/users/index.js
FNF:0
FNH:0
DA:10,8
DA:11,8
DA:13,8
DA:14,8
LF:4
LH:4
BRF:0
BRH:0
end_of_record
